<?xml version="1.0" encoding="UTF-8"?>
<testng-results ignored="0" total="8" passed="6" failed="2" skipped="0">
  <reporter-output>
  </reporter-output>
  <suite started-at="2022-05-06T15:23:32 IST" name="Default suite" finished-at="2022-05-06T15:23:42 IST" duration-ms="9620">
    <groups>
    </groups>
    <test started-at="2022-05-06T15:23:32 IST" name="Default test" finished-at="2022-05-06T15:23:42 IST" duration-ms="9620">
      <class name="com.weavapi.testCases.Data_Browser_API.TC_002_get_row_all_files">
        <test-method is-config="true" signature="setup()[pri:0, instance:com.weavapi.testCases.Data_Browser_API.TC_002_get_row_all_files@1d76aeea]" started-at="2022-05-06T15:23:32 IST" name="setup" finished-at="2022-05-06T15:23:33 IST" duration-ms="79" status="PASS">
          <reporter-output>
          </reporter-output>
        </test-method> <!-- setup -->
        <test-method is-config="true" signature="addbypath()[pri:0, instance:com.weavapi.testCases.Data_Browser_API.TC_002_get_row_all_files@1d76aeea]" started-at="2022-05-06T15:23:33 IST" name="addbypath" finished-at="2022-05-06T15:23:34 IST" duration-ms="1864" status="PASS">
          <reporter-output>
          </reporter-output>
        </test-method> <!-- addbypath -->
        <test-method is-config="true" signature="getrowapi()[pri:0, instance:com.weavapi.testCases.Data_Browser_API.TC_002_get_row_all_files@1d76aeea]" started-at="2022-05-06T15:23:34 IST" name="getrowapi" finished-at="2022-05-06T15:23:41 IST" duration-ms="6981" status="PASS">
          <reporter-output>
          </reporter-output>
        </test-method> <!-- getrowapi -->
        <test-method signature="CheckSummary()[pri:0, instance:com.weavapi.testCases.Data_Browser_API.TC_002_get_row_all_files@1d76aeea]" started-at="2022-05-06T15:23:41 IST" name="CheckSummary" finished-at="2022-05-06T15:23:42 IST" duration-ms="468" status="FAIL">
          <exception class="java.lang.AssertionError">
            <message>
              <![CDATA[expected [51] but found [20]]]>
            </message>
            <full-stacktrace>
              <![CDATA[java.lang.AssertionError: expected [51] but found [20]
at org.testng.Assert.fail(Assert.java:97)
at org.testng.Assert.assertEqualsImpl(Assert.java:136)
at org.testng.Assert.assertEquals(Assert.java:118)
at org.testng.Assert.assertEquals(Assert.java:839)
at org.testng.Assert.assertEquals(Assert.java:849)
at com.weavapi.testCases.Data_Browser_API.TC_002_get_row_all_files.CheckSummary(TC_002_get_row_all_files.java:179)
at java.base/jdk.internal.reflect.NativeMethodAccessorImpl.invoke0(Native Method)
at java.base/jdk.internal.reflect.NativeMethodAccessorImpl.invoke(NativeMethodAccessorImpl.java:62)
at java.base/jdk.internal.reflect.DelegatingMethodAccessorImpl.invoke(DelegatingMethodAccessorImpl.java:43)
at java.base/java.lang.reflect.Method.invoke(Method.java:566)
at org.testng.internal.MethodInvocationHelper.invokeMethod(MethodInvocationHelper.java:134)
at org.testng.internal.TestInvoker.invokeMethod(TestInvoker.java:597)
at org.testng.internal.TestInvoker.invokeTestMethod(TestInvoker.java:173)
at org.testng.internal.MethodRunner.runInSequence(MethodRunner.java:46)
at org.testng.internal.TestInvoker$MethodInvocationAgent.invoke(TestInvoker.java:816)
at org.testng.internal.TestInvoker.invokeTestMethods(TestInvoker.java:146)
at org.testng.internal.TestMethodWorker.invokeTestMethods(TestMethodWorker.java:146)
at org.testng.internal.TestMethodWorker.run(TestMethodWorker.java:128)
at java.base/java.util.ArrayList.forEach(ArrayList.java:1541)
at org.testng.TestRunner.privateRun(TestRunner.java:766)
at org.testng.TestRunner.run(TestRunner.java:587)
at org.testng.SuiteRunner.runTest(SuiteRunner.java:384)
at org.testng.SuiteRunner.runSequentially(SuiteRunner.java:378)
at org.testng.SuiteRunner.privateRun(SuiteRunner.java:337)
at org.testng.SuiteRunner.run(SuiteRunner.java:286)
at org.testng.SuiteRunnerWorker.runSuite(SuiteRunnerWorker.java:53)
at org.testng.SuiteRunnerWorker.run(SuiteRunnerWorker.java:96)
at org.testng.TestNG.runSuitesSequentially(TestNG.java:1187)
at org.testng.TestNG.runSuitesLocally(TestNG.java:1109)
at org.testng.TestNG.runSuites(TestNG.java:1039)
at org.testng.TestNG.run(TestNG.java:1007)
at org.testng.remote.AbstractRemoteTestNG.run(AbstractRemoteTestNG.java:115)
at org.testng.remote.RemoteTestNG.initAndRun(RemoteTestNG.java:251)
at org.testng.remote.RemoteTestNG.main(RemoteTestNG.java:77)
]]>
            </full-stacktrace>
          </exception> <!-- java.lang.AssertionError -->
          <reporter-output>
          </reporter-output>
        </test-method> <!-- CheckSummary -->
        <test-method signature="checkResponseTime()[pri:0, instance:com.weavapi.testCases.Data_Browser_API.TC_002_get_row_all_files@1d76aeea]" started-at="2022-05-06T15:23:42 IST" name="checkResponseTime" finished-at="2022-05-06T15:23:42 IST" duration-ms="1" status="PASS">
          <reporter-output>
          </reporter-output>
        </test-method> <!-- checkResponseTime -->
        <test-method signature="checkResposeBody()[pri:0, instance:com.weavapi.testCases.Data_Browser_API.TC_002_get_row_all_files@1d76aeea]" started-at="2022-05-06T15:23:42 IST" name="checkResposeBody" finished-at="2022-05-06T15:23:42 IST" duration-ms="2" status="PASS">
          <reporter-output>
          </reporter-output>
        </test-method> <!-- checkResposeBody -->
        <test-method signature="checkRowCount()[pri:0, instance:com.weavapi.testCases.Data_Browser_API.TC_002_get_row_all_files@1d76aeea]" started-at="2022-05-06T15:23:42 IST" name="checkRowCount" finished-at="2022-05-06T15:23:42 IST" duration-ms="16" status="FAIL">
          <exception class="java.lang.AssertionError">
            <message>
              <![CDATA[expected [50] but found [20]]]>
            </message>
            <full-stacktrace>
              <![CDATA[java.lang.AssertionError: expected [50] but found [20]
at org.testng.Assert.fail(Assert.java:97)
at org.testng.Assert.assertEqualsImpl(Assert.java:136)
at org.testng.Assert.assertEquals(Assert.java:118)
at org.testng.Assert.assertEquals(Assert.java:839)
at org.testng.Assert.assertEquals(Assert.java:849)
at com.weavapi.testCases.Data_Browser_API.TC_002_get_row_all_files.checkRowCount(TC_002_get_row_all_files.java:119)
at java.base/jdk.internal.reflect.NativeMethodAccessorImpl.invoke0(Native Method)
at java.base/jdk.internal.reflect.NativeMethodAccessorImpl.invoke(NativeMethodAccessorImpl.java:62)
at java.base/jdk.internal.reflect.DelegatingMethodAccessorImpl.invoke(DelegatingMethodAccessorImpl.java:43)
at java.base/java.lang.reflect.Method.invoke(Method.java:566)
at org.testng.internal.MethodInvocationHelper.invokeMethod(MethodInvocationHelper.java:134)
at org.testng.internal.TestInvoker.invokeMethod(TestInvoker.java:597)
at org.testng.internal.TestInvoker.invokeTestMethod(TestInvoker.java:173)
at org.testng.internal.MethodRunner.runInSequence(MethodRunner.java:46)
at org.testng.internal.TestInvoker$MethodInvocationAgent.invoke(TestInvoker.java:816)
at org.testng.internal.TestInvoker.invokeTestMethods(TestInvoker.java:146)
at org.testng.internal.TestMethodWorker.invokeTestMethods(TestMethodWorker.java:146)
at org.testng.internal.TestMethodWorker.run(TestMethodWorker.java:128)
at java.base/java.util.ArrayList.forEach(ArrayList.java:1541)
at org.testng.TestRunner.privateRun(TestRunner.java:766)
at org.testng.TestRunner.run(TestRunner.java:587)
at org.testng.SuiteRunner.runTest(SuiteRunner.java:384)
at org.testng.SuiteRunner.runSequentially(SuiteRunner.java:378)
at org.testng.SuiteRunner.privateRun(SuiteRunner.java:337)
at org.testng.SuiteRunner.run(SuiteRunner.java:286)
at org.testng.SuiteRunnerWorker.runSuite(SuiteRunnerWorker.java:53)
at org.testng.SuiteRunnerWorker.run(SuiteRunnerWorker.java:96)
at org.testng.TestNG.runSuitesSequentially(TestNG.java:1187)
at org.testng.TestNG.runSuitesLocally(TestNG.java:1109)
at org.testng.TestNG.runSuites(TestNG.java:1039)
at org.testng.TestNG.run(TestNG.java:1007)
at org.testng.remote.AbstractRemoteTestNG.run(AbstractRemoteTestNG.java:115)
at org.testng.remote.RemoteTestNG.initAndRun(RemoteTestNG.java:251)
at org.testng.remote.RemoteTestNG.main(RemoteTestNG.java:77)
]]>
            </full-stacktrace>
          </exception> <!-- java.lang.AssertionError -->
          <reporter-output>
          </reporter-output>
        </test-method> <!-- checkRowCount -->
        <test-method signature="checkSortcolumn()[pri:0, instance:com.weavapi.testCases.Data_Browser_API.TC_002_get_row_all_files@1d76aeea]" started-at="2022-05-06T15:23:42 IST" name="checkSortcolumn" finished-at="2022-05-06T15:23:42 IST" duration-ms="167" status="PASS">
          <reporter-output>
          </reporter-output>
        </test-method> <!-- checkSortcolumn -->
        <test-method signature="checkStatusCode()[pri:0, instance:com.weavapi.testCases.Data_Browser_API.TC_002_get_row_all_files@1d76aeea]" started-at="2022-05-06T15:23:42 IST" name="checkStatusCode" finished-at="2022-05-06T15:23:42 IST" duration-ms="1" status="PASS">
          <reporter-output>
          </reporter-output>
        </test-method> <!-- checkStatusCode -->
        <test-method signature="checkcolumns()[pri:0, instance:com.weavapi.testCases.Data_Browser_API.TC_002_get_row_all_files@1d76aeea]" started-at="2022-05-06T15:23:42 IST" name="checkcolumns" finished-at="2022-05-06T15:23:42 IST" duration-ms="6" status="PASS">
          <reporter-output>
          </reporter-output>
        </test-method> <!-- checkcolumns -->
        <test-method signature="checkstatusLine()[pri:0, instance:com.weavapi.testCases.Data_Browser_API.TC_002_get_row_all_files@1d76aeea]" started-at="2022-05-06T15:23:42 IST" name="checkstatusLine" finished-at="2022-05-06T15:23:42 IST" duration-ms="1" status="PASS">
          <reporter-output>
          </reporter-output>
        </test-method> <!-- checkstatusLine -->
        <test-method is-config="true" signature="tearDown()[pri:0, instance:com.weavapi.testCases.Data_Browser_API.TC_002_get_row_all_files@1d76aeea]" started-at="2022-05-06T15:23:42 IST" name="tearDown" finished-at="2022-05-06T15:23:42 IST" duration-ms="1" status="PASS">
          <reporter-output>
          </reporter-output>
        </test-method> <!-- tearDown -->
      </class> <!-- com.weavapi.testCases.Data_Browser_API.TC_002_get_row_all_files -->
    </test> <!-- Default test -->
  </suite> <!-- Default suite -->
</testng-results>
